{"/Users/apple/Desktop/backend/src/app.ts": {"path":"/Users/apple/Desktop/backend/src/app.ts","statementMap":{"0":{"start":{"line":1,"column":0},"end":{"line":1,"column":29}},"1":{"start":{"line":4,"column":0},"end":{"line":4,"column":41}},"2":{"start":{"line":5,"column":0},"end":{"line":5,"column":null}},"3":{"start":{"line":8,"column":0},"end":{"line":8,"column":43}},"4":{"start":{"line":9,"column":0},"end":{"line":11,"column":null}},"5":{"start":{"line":10,"column":16},"end":{"line":10,"column":54}},"6":{"start":{"line":11,"column":18},"end":{"line":11,"column":36}},"7":{"start":{"line":13,"column":0},"end":{"line":13,"column":41}},"8":{"start":{"line":15,"column":12},"end":{"line":15,"column":21}},"9":{"start":{"line":16,"column":0},"end":{"line":16,"column":null}},"10":{"start":{"line":18,"column":0},"end":{"line":18,"column":null}}},"fnMap":{"0":{"name":"(anonymous_1)","decl":{"start":{"line":10,"column":10},"end":{"line":10,"column":13}},"loc":{"start":{"line":10,"column":16},"end":{"line":10,"column":54}}},"1":{"name":"(anonymous_2)","decl":{"start":{"line":11,"column":11},"end":{"line":11,"column":14}},"loc":{"start":{"line":11,"column":18},"end":{"line":11,"column":36}}}},"branchMap":{},"s":{"0":1,"1":1,"2":1,"3":1,"4":1,"5":0,"6":0,"7":1,"8":1,"9":1,"10":1},"f":{"0":0,"1":0},"b":{}}
,"/Users/apple/Desktop/backend/src/handleError.ts": {"path":"/Users/apple/Desktop/backend/src/handleError.ts","statementMap":{"0":{"start":{"line":3,"column":20},"end":{"line":15,"column":null}},"1":{"start":{"line":3,"column":66},"end":{"line":15,"column":null}},"2":{"start":{"line":3,"column":91},"end":{"line":15,"column":null}},"3":{"start":{"line":4,"column":4},"end":{"line":14,"column":null}},"4":{"start":{"line":5,"column":8},"end":{"line":5,"column":null}},"5":{"start":{"line":7,"column":8},"end":{"line":7,"column":null}},"6":{"start":{"line":7,"column":44},"end":{"line":7,"column":null}},"7":{"start":{"line":8,"column":8},"end":{"line":11,"column":26}},"8":{"start":{"line":9,"column":40},"end":{"line":9,"column":65}},"9":{"start":{"line":10,"column":12},"end":{"line":10,"column":null}},"10":{"start":{"line":12,"column":8},"end":{"line":12,"column":null}},"11":{"start":{"line":13,"column":8},"end":{"line":13,"column":null}},"12":{"start":{"line":17,"column":0},"end":{"line":17,"column":null}}},"fnMap":{"0":{"name":"(anonymous_7)","decl":{"start":{"line":3,"column":20},"end":{"line":3,"column":21}},"loc":{"start":{"line":3,"column":66},"end":{"line":15,"column":null}}},"1":{"name":"(anonymous_8)","decl":{"start":{"line":3,"column":66},"end":{"line":3,"column":73}},"loc":{"start":{"line":3,"column":91},"end":{"line":15,"column":null}}},"2":{"name":"(anonymous_9)","decl":{"start":{"line":3,"column":91},"end":{"line":3,"column":null}},"loc":{"start":{"line":3,"column":91},"end":{"line":15,"column":1}}}},"branchMap":{"0":{"loc":{"start":{"line":7,"column":8},"end":{"line":7,"column":null}},"type":"if","locations":[{"start":{"line":7,"column":8},"end":{"line":7,"column":null}}]}},"s":{"0":2,"1":12,"2":3,"3":3,"4":3,"5":2,"6":1,"7":1,"8":1,"9":0,"10":1,"11":1,"12":2},"f":{"0":12,"1":3,"2":3},"b":{"0":[1]}}
,"/Users/apple/Desktop/backend/src/constants/noteStatus.ts": {"path":"/Users/apple/Desktop/backend/src/constants/noteStatus.ts","statementMap":{"0":{"start":{"line":1,"column":0},"end":{"line":1,"column":null}},"1":{"start":{"line":2,"column":4},"end":{"line":2,"column":null}},"2":{"start":{"line":3,"column":4},"end":{"line":3,"column":null}}},"fnMap":{"0":{"name":"(anonymous_0)","decl":{"start":{"line":1,"column":0},"end":{"line":1,"column":12}},"loc":{"start":{"line":1,"column":23},"end":{"line":4,"column":1}}}},"branchMap":{"0":{"loc":{"start":{"line":1,"column":12},"end":{"line":1,"column":null}},"type":"binary-expr","locations":[{"start":{"line":1,"column":12},"end":{"line":1,"column":23}},{"start":{"line":1,"column":23},"end":{"line":1,"column":null}}]}},"s":{"0":4,"1":4,"2":4},"f":{"0":4},"b":{"0":[4,4]}}
,"/Users/apple/Desktop/backend/src/constants/routes.ts": {"path":"/Users/apple/Desktop/backend/src/constants/routes.ts","statementMap":{"0":{"start":{"line":1,"column":0},"end":{"line":1,"column":null}},"1":{"start":{"line":2,"column":4},"end":{"line":2,"column":null}},"2":{"start":{"line":3,"column":4},"end":{"line":3,"column":null}}},"fnMap":{"0":{"name":"(anonymous_0)","decl":{"start":{"line":1,"column":0},"end":{"line":1,"column":12}},"loc":{"start":{"line":1,"column":18},"end":{"line":4,"column":1}}}},"branchMap":{"0":{"loc":{"start":{"line":1,"column":12},"end":{"line":1,"column":null}},"type":"binary-expr","locations":[{"start":{"line":1,"column":12},"end":{"line":1,"column":18}},{"start":{"line":1,"column":18},"end":{"line":1,"column":null}}]}},"s":{"0":1,"1":1,"2":1},"f":{"0":1},"b":{"0":[1,1]}}
,"/Users/apple/Desktop/backend/src/exceptions/BadRequestException.ts": {"path":"/Users/apple/Desktop/backend/src/exceptions/BadRequestException.ts","statementMap":{"0":{"start":{"line":4,"column":8},"end":{"line":4,"column":null}},"1":{"start":{"line":8,"column":0},"end":{"line":8,"column":null}}},"fnMap":{"0":{"name":"(anonymous_0)","decl":{"start":{"line":3,"column":4},"end":{"line":3,"column":16}},"loc":{"start":{"line":3,"column":31},"end":{"line":5,"column":5}}}},"branchMap":{},"s":{"0":6,"1":3},"f":{"0":6},"b":{}}
,"/Users/apple/Desktop/backend/src/exceptions/NotFoundException.ts": {"path":"/Users/apple/Desktop/backend/src/exceptions/NotFoundException.ts","statementMap":{"0":{"start":{"line":4,"column":8},"end":{"line":4,"column":null}},"1":{"start":{"line":8,"column":0},"end":{"line":8,"column":null}}},"fnMap":{"0":{"name":"(anonymous_0)","decl":{"start":{"line":3,"column":4},"end":{"line":3,"column":16}},"loc":{"start":{"line":3,"column":31},"end":{"line":5,"column":5}}}},"branchMap":{},"s":{"0":1,"1":2},"f":{"0":1},"b":{}}
,"/Users/apple/Desktop/backend/src/middlewares/auth.ts": {"path":"/Users/apple/Desktop/backend/src/middlewares/auth.ts","statementMap":{"0":{"start":{"line":2,"column":0},"end":{"line":2,"column":30}},"1":{"start":{"line":4,"column":29},"end":{"line":14,"column":1}},"2":{"start":{"line":5,"column":18},"end":{"line":5,"column":43}},"3":{"start":{"line":6,"column":4},"end":{"line":6,"column":null}},"4":{"start":{"line":6,"column":15},"end":{"line":6,"column":null}},"5":{"start":{"line":7,"column":4},"end":{"line":13,"column":null}},"6":{"start":{"line":8,"column":24},"end":{"line":8,"column":66}},"7":{"start":{"line":9,"column":9},"end":{"line":9,"column":null}},"8":{"start":{"line":10,"column":8},"end":{"line":10,"column":null}},"9":{"start":{"line":12,"column":8},"end":{"line":12,"column":null}},"10":{"start":{"line":16,"column":0},"end":{"line":16,"column":null}}},"fnMap":{"0":{"name":"(anonymous_1)","decl":{"start":{"line":4,"column":29},"end":{"line":4,"column":30}},"loc":{"start":{"line":4,"column":48},"end":{"line":14,"column":1}}}},"branchMap":{"0":{"loc":{"start":{"line":6,"column":4},"end":{"line":6,"column":null}},"type":"if","locations":[{"start":{"line":6,"column":4},"end":{"line":6,"column":null}}]}},"s":{"0":1,"1":1,"2":0,"3":0,"4":0,"5":0,"6":0,"7":0,"8":0,"9":0,"10":1},"f":{"0":0},"b":{"0":[0]}}
,"/Users/apple/Desktop/backend/src/notes/notes.controller.ts": {"path":"/Users/apple/Desktop/backend/src/notes/notes.controller.ts","statementMap":{"0":{"start":{"line":1,"column":0},"end":{"line":1,"column":33}},"1":{"start":{"line":2,"column":0},"end":{"line":2,"column":41}},"2":{"start":{"line":3,"column":0},"end":{"line":3,"column":43}},"3":{"start":{"line":5,"column":0},"end":{"line":35,"column":null}},"4":{"start":{"line":8,"column":25},"end":{"line":8,"column":39}},"5":{"start":{"line":11,"column":4},"end":{"line":14,"column":null}},"6":{"start":{"line":11,"column":45},"end":{"line":14,"column":6}},"7":{"start":{"line":12,"column":22},"end":{"line":12,"column":76}},"8":{"start":{"line":13,"column":8},"end":{"line":13,"column":null}},"9":{"start":{"line":16,"column":4},"end":{"line":19,"column":null}},"10":{"start":{"line":16,"column":47},"end":{"line":19,"column":6}},"11":{"start":{"line":17,"column":21},"end":{"line":17,"column":87}},"12":{"start":{"line":18,"column":8},"end":{"line":18,"column":null}},"13":{"start":{"line":21,"column":4},"end":{"line":24,"column":null}},"14":{"start":{"line":21,"column":47},"end":{"line":24,"column":6}},"15":{"start":{"line":22,"column":23},"end":{"line":22,"column":89}},"16":{"start":{"line":23,"column":8},"end":{"line":23,"column":null}},"17":{"start":{"line":26,"column":4},"end":{"line":29,"column":null}},"18":{"start":{"line":26,"column":47},"end":{"line":29,"column":6}},"19":{"start":{"line":27,"column":23},"end":{"line":27,"column":73}},"20":{"start":{"line":28,"column":8},"end":{"line":28,"column":null}},"21":{"start":{"line":31,"column":4},"end":{"line":34,"column":null}},"22":{"start":{"line":31,"column":52},"end":{"line":34,"column":6}},"23":{"start":{"line":32,"column":22},"end":{"line":32,"column":94}},"24":{"start":{"line":33,"column":8},"end":{"line":33,"column":null}},"25":{"start":{"line":6,"column":6},"end":{"line":35,"column":null}},"26":{"start":{"line":37,"column":0},"end":{"line":37,"column":null}}},"fnMap":{"0":{"name":"(anonymous_10)","decl":{"start":{"line":7,"column":4},"end":{"line":7,"column":null}},"loc":{"start":{"line":8,"column":51},"end":{"line":9,"column":8}}},"1":{"name":"(anonymous_11)","decl":{"start":{"line":11,"column":27},"end":{"line":11,"column":33}},"loc":{"start":{"line":11,"column":45},"end":{"line":14,"column":6}}},"2":{"name":"(anonymous_12)","decl":{"start":{"line":11,"column":45},"end":{"line":11,"column":null}},"loc":{"start":{"line":11,"column":45},"end":{"line":14,"column":5}}},"3":{"name":"(anonymous_13)","decl":{"start":{"line":16,"column":29},"end":{"line":16,"column":35}},"loc":{"start":{"line":16,"column":47},"end":{"line":19,"column":6}}},"4":{"name":"(anonymous_14)","decl":{"start":{"line":16,"column":47},"end":{"line":16,"column":null}},"loc":{"start":{"line":16,"column":47},"end":{"line":19,"column":5}}},"5":{"name":"(anonymous_15)","decl":{"start":{"line":21,"column":29},"end":{"line":21,"column":35}},"loc":{"start":{"line":21,"column":47},"end":{"line":24,"column":6}}},"6":{"name":"(anonymous_16)","decl":{"start":{"line":21,"column":47},"end":{"line":21,"column":null}},"loc":{"start":{"line":21,"column":47},"end":{"line":24,"column":5}}},"7":{"name":"(anonymous_17)","decl":{"start":{"line":26,"column":29},"end":{"line":26,"column":35}},"loc":{"start":{"line":26,"column":47},"end":{"line":29,"column":6}}},"8":{"name":"(anonymous_18)","decl":{"start":{"line":26,"column":47},"end":{"line":26,"column":null}},"loc":{"start":{"line":26,"column":47},"end":{"line":29,"column":5}}},"9":{"name":"(anonymous_19)","decl":{"start":{"line":31,"column":34},"end":{"line":31,"column":40}},"loc":{"start":{"line":31,"column":52},"end":{"line":34,"column":6}}},"10":{"name":"(anonymous_20)","decl":{"start":{"line":31,"column":52},"end":{"line":31,"column":null}},"loc":{"start":{"line":31,"column":52},"end":{"line":34,"column":5}}}},"branchMap":{},"s":{"0":1,"1":1,"2":1,"3":1,"4":1,"5":1,"6":0,"7":0,"8":0,"9":1,"10":0,"11":0,"12":0,"13":1,"14":0,"15":0,"16":0,"17":1,"18":0,"19":0,"20":0,"21":1,"22":0,"23":0,"24":0,"25":1,"26":1},"f":{"0":1,"1":0,"2":0,"3":0,"4":0,"5":0,"6":0,"7":0,"8":0,"9":0,"10":0},"b":{}}
,"/Users/apple/Desktop/backend/src/notes/notes.entity.ts": {"path":"/Users/apple/Desktop/backend/src/notes/notes.entity.ts","statementMap":{"0":{"start":{"line":1,"column":0},"end":{"line":1,"column":56}},"1":{"start":{"line":2,"column":0},"end":{"line":2,"column":123}},"2":{"start":{"line":3,"column":0},"end":{"line":3,"column":39}},"3":{"start":{"line":6,"column":0},"end":{"line":28,"column":null}},"4":{"start":{"line":8,"column":4},"end":{"line":8,"column":null}},"5":{"start":{"line":11,"column":4},"end":{"line":11,"column":null}},"6":{"start":{"line":14,"column":4},"end":{"line":14,"column":null}},"7":{"start":{"line":17,"column":4},"end":{"line":17,"column":null}},"8":{"start":{"line":20,"column":4},"end":{"line":20,"column":null}},"9":{"start":{"line":23,"column":4},"end":{"line":23,"column":null}},"10":{"start":{"line":27,"column":4},"end":{"line":27,"column":null}},"11":{"start":{"line":25,"column":21},"end":{"line":25,"column":25}},"12":{"start":{"line":6,"column":6},"end":{"line":28,"column":null}},"13":{"start":{"line":30,"column":0},"end":{"line":30,"column":null}}},"fnMap":{"0":{"name":"(anonymous_3)","decl":{"start":{"line":25,"column":15},"end":{"line":25,"column":18}},"loc":{"start":{"line":25,"column":21},"end":{"line":25,"column":25}}}},"branchMap":{},"s":{"0":3,"1":3,"2":3,"3":3,"4":3,"5":3,"6":3,"7":3,"8":3,"9":3,"10":3,"11":0,"12":3,"13":3},"f":{"0":0},"b":{}}
,"/Users/apple/Desktop/backend/src/notes/notes.repository.ts": {"path":"/Users/apple/Desktop/backend/src/notes/notes.repository.ts","statementMap":{"0":{"start":{"line":1,"column":0},"end":{"line":1,"column":44}},"1":{"start":{"line":2,"column":0},"end":{"line":2,"column":37}},"2":{"start":{"line":3,"column":0},"end":{"line":3,"column":45}},"3":{"start":{"line":4,"column":0},"end":{"line":4,"column":35}},"4":{"start":{"line":6,"column":18},"end":{"line":6,"column":49}},"5":{"start":{"line":7,"column":0},"end":{"line":7,"column":null}},"6":{"start":{"line":9,"column":0},"end":{"line":14,"column":null}},"7":{"start":{"line":12,"column":8},"end":{"line":12,"column":null}},"8":{"start":{"line":11,"column":24},"end":{"line":11,"column":37}},"9":{"start":{"line":10,"column":6},"end":{"line":14,"column":null}},"10":{"start":{"line":16,"column":0},"end":{"line":16,"column":null}}},"fnMap":{"0":{"name":"(anonymous_3)","decl":{"start":{"line":11,"column":4},"end":{"line":11,"column":24}},"loc":{"start":{"line":11,"column":54},"end":{"line":13,"column":5}}}},"branchMap":{},"s":{"0":2,"1":2,"2":2,"3":2,"4":2,"5":2,"6":2,"7":1,"8":1,"9":2,"10":2},"f":{"0":1},"b":{}}
,"/Users/apple/Desktop/backend/src/notes/notes.service.ts": {"path":"/Users/apple/Desktop/backend/src/notes/notes.service.ts","statementMap":{"0":{"start":{"line":1,"column":0},"end":{"line":1,"column":33}},"1":{"start":{"line":2,"column":0},"end":{"line":2,"column":68}},"2":{"start":{"line":3,"column":0},"end":{"line":3,"column":49}},"3":{"start":{"line":4,"column":0},"end":{"line":4,"column":98}},"4":{"start":{"line":6,"column":0},"end":{"line":49,"column":null}},"5":{"start":{"line":9,"column":25},"end":{"line":9,"column":36}},"6":{"start":{"line":13,"column":8},"end":{"line":13,"column":null}},"7":{"start":{"line":17,"column":39},"end":{"line":17,"column":76}},"8":{"start":{"line":18,"column":21},"end":{"line":18,"column":88}},"9":{"start":{"line":19,"column":8},"end":{"line":19,"column":null}},"10":{"start":{"line":20,"column":8},"end":{"line":20,"column":null}},"11":{"start":{"line":24,"column":51},"end":{"line":24,"column":88}},"12":{"start":{"line":25,"column":29},"end":{"line":25,"column":118}},"13":{"start":{"line":26,"column":8},"end":{"line":26,"column":null}},"14":{"start":{"line":26,"column":22},"end":{"line":26,"column":null}},"15":{"start":{"line":27,"column":8},"end":{"line":27,"column":null}},"16":{"start":{"line":31,"column":29},"end":{"line":31,"column":72}},"17":{"start":{"line":32,"column":8},"end":{"line":32,"column":null}},"18":{"start":{"line":32,"column":22},"end":{"line":32,"column":null}},"19":{"start":{"line":33,"column":8},"end":{"line":33,"column":null}},"20":{"start":{"line":37,"column":92},"end":{"line":37,"column":138}},"21":{"start":{"line":38,"column":22},"end":{"line":38,"column":64}},"22":{"start":{"line":39,"column":8},"end":{"line":39,"column":null}},"23":{"start":{"line":40,"column":8},"end":{"line":40,"column":93}},"24":{"start":{"line":40,"column":26},"end":{"line":40,"column":93}},"25":{"start":{"line":41,"column":8},"end":{"line":41,"column":96}},"26":{"start":{"line":41,"column":27},"end":{"line":41,"column":96}},"27":{"start":{"line":42,"column":8},"end":{"line":42,"column":94}},"28":{"start":{"line":42,"column":26},"end":{"line":42,"column":94}},"29":{"start":{"line":43,"column":8},"end":{"line":43,"column":97}},"30":{"start":{"line":43,"column":27},"end":{"line":43,"column":97}},"31":{"start":{"line":44,"column":8},"end":{"line":44,"column":null}},"32":{"start":{"line":44,"column":19},"end":{"line":44,"column":null}},"33":{"start":{"line":45,"column":8},"end":{"line":45,"column":null}},"34":{"start":{"line":45,"column":20},"end":{"line":45,"column":null}},"35":{"start":{"line":46,"column":22},"end":{"line":46,"column":43}},"36":{"start":{"line":47,"column":8},"end":{"line":47,"column":null}},"37":{"start":{"line":7,"column":6},"end":{"line":49,"column":null}},"38":{"start":{"line":51,"column":0},"end":{"line":51,"column":null}}},"fnMap":{"0":{"name":"(anonymous_10)","decl":{"start":{"line":8,"column":4},"end":{"line":8,"column":null}},"loc":{"start":{"line":9,"column":51},"end":{"line":10,"column":8}}},"1":{"name":"(anonymous_11)","decl":{"start":{"line":12,"column":10},"end":{"line":12,"column":18}},"loc":{"start":{"line":12,"column":33},"end":{"line":14,"column":null}}},"2":{"name":"(anonymous_13)","decl":{"start":{"line":16,"column":10},"end":{"line":16,"column":20}},"loc":{"start":{"line":16,"column":50},"end":{"line":21,"column":null}}},"3":{"name":"(anonymous_15)","decl":{"start":{"line":23,"column":10},"end":{"line":23,"column":20}},"loc":{"start":{"line":23,"column":50},"end":{"line":28,"column":null}}},"4":{"name":"(anonymous_17)","decl":{"start":{"line":30,"column":10},"end":{"line":30,"column":20}},"loc":{"start":{"line":30,"column":35},"end":{"line":34,"column":null}}},"5":{"name":"(anonymous_19)","decl":{"start":{"line":36,"column":10},"end":{"line":36,"column":25}},"loc":{"start":{"line":36,"column":55},"end":{"line":48,"column":null}}}},"branchMap":{"0":{"loc":{"start":{"line":26,"column":8},"end":{"line":26,"column":null}},"type":"if","locations":[{"start":{"line":26,"column":8},"end":{"line":26,"column":null}}]},"1":{"loc":{"start":{"line":32,"column":8},"end":{"line":32,"column":null}},"type":"if","locations":[{"start":{"line":32,"column":8},"end":{"line":32,"column":null}}]},"2":{"loc":{"start":{"line":40,"column":8},"end":{"line":40,"column":93}},"type":"if","locations":[{"start":{"line":40,"column":8},"end":{"line":40,"column":93}}]},"3":{"loc":{"start":{"line":41,"column":8},"end":{"line":41,"column":96}},"type":"if","locations":[{"start":{"line":41,"column":8},"end":{"line":41,"column":96}}]},"4":{"loc":{"start":{"line":42,"column":8},"end":{"line":42,"column":94}},"type":"if","locations":[{"start":{"line":42,"column":8},"end":{"line":42,"column":94}}]},"5":{"loc":{"start":{"line":43,"column":8},"end":{"line":43,"column":97}},"type":"if","locations":[{"start":{"line":43,"column":8},"end":{"line":43,"column":97}}]},"6":{"loc":{"start":{"line":44,"column":8},"end":{"line":44,"column":null}},"type":"if","locations":[{"start":{"line":44,"column":8},"end":{"line":44,"column":null}}]},"7":{"loc":{"start":{"line":45,"column":8},"end":{"line":45,"column":null}},"type":"if","locations":[{"start":{"line":45,"column":8},"end":{"line":45,"column":null}}]}},"s":{"0":2,"1":2,"2":2,"3":2,"4":2,"5":11,"6":1,"7":2,"8":1,"9":1,"10":1,"11":3,"12":2,"13":2,"14":1,"15":1,"16":2,"17":2,"18":1,"19":1,"20":2,"21":1,"22":1,"23":1,"24":0,"25":1,"26":0,"27":1,"28":0,"29":1,"30":0,"31":1,"32":1,"33":1,"34":0,"35":1,"36":1,"37":2,"38":2},"f":{"0":11,"1":1,"2":2,"3":3,"4":2,"5":2},"b":{"0":[1],"1":[1],"2":[0],"3":[0],"4":[0],"5":[0],"6":[1],"7":[0]}}
,"/Users/apple/Desktop/backend/src/notes/schemas/schemas.ts": {"path":"/Users/apple/Desktop/backend/src/notes/schemas/schemas.ts","statementMap":{"0":{"start":{"line":1,"column":0},"end":{"line":1,"column":26}},"1":{"start":{"line":3,"column":25},"end":{"line":6,"column":2}},"2":{"start":{"line":25,"column":4},"end":{"line":25,"column":20}},"3":{"start":{"line":8,"column":25},"end":{"line":13,"column":2}},"4":{"start":{"line":26,"column":4},"end":{"line":26,"column":20}},"5":{"start":{"line":15,"column":34},"end":{"line":22,"column":2}},"6":{"start":{"line":27,"column":4},"end":{"line":27,"column":29}}},"fnMap":{},"branchMap":{},"s":{"0":2,"1":2,"2":2,"3":2,"4":2,"5":2,"6":2},"f":{},"b":{}}
,"/Users/apple/Desktop/backend/src/routers/notes.ts": {"path":"/Users/apple/Desktop/backend/src/routers/notes.ts","statementMap":{"0":{"start":{"line":1,"column":0},"end":{"line":1,"column":32}},"1":{"start":{"line":2,"column":0},"end":{"line":2,"column":30}},"2":{"start":{"line":3,"column":0},"end":{"line":3,"column":38}},"3":{"start":{"line":4,"column":0},"end":{"line":4,"column":55}},"4":{"start":{"line":6,"column":24},"end":{"line":6,"column":54}},"5":{"start":{"line":8,"column":14},"end":{"line":8,"column":22}},"6":{"start":{"line":17,"column":18},"end":{"line":17,"column":29}},"7":{"start":{"line":9,"column":0},"end":{"line":9,"column":null}},"8":{"start":{"line":11,"column":0},"end":{"line":11,"column":null}},"9":{"start":{"line":12,"column":0},"end":{"line":12,"column":null}},"10":{"start":{"line":13,"column":0},"end":{"line":13,"column":null}},"11":{"start":{"line":14,"column":0},"end":{"line":14,"column":null}},"12":{"start":{"line":15,"column":0},"end":{"line":15,"column":null}}},"fnMap":{},"branchMap":{},"s":{"0":1,"1":1,"2":1,"3":1,"4":1,"5":1,"6":1,"7":1,"8":1,"9":1,"10":1,"11":1,"12":1},"f":{},"b":{}}
,"/Users/apple/Desktop/backend/src/routers/user.ts": {"path":"/Users/apple/Desktop/backend/src/routers/user.ts","statementMap":{"0":{"start":{"line":1,"column":0},"end":{"line":1,"column":32}},"1":{"start":{"line":2,"column":0},"end":{"line":2,"column":30}},"2":{"start":{"line":3,"column":0},"end":{"line":3,"column":38}},"3":{"start":{"line":4,"column":0},"end":{"line":4,"column":52}},"4":{"start":{"line":6,"column":23},"end":{"line":6,"column":52}},"5":{"start":{"line":8,"column":14},"end":{"line":8,"column":22}},"6":{"start":{"line":15,"column":18},"end":{"line":15,"column":28}},"7":{"start":{"line":10,"column":0},"end":{"line":10,"column":null}},"8":{"start":{"line":11,"column":0},"end":{"line":11,"column":null}},"9":{"start":{"line":12,"column":0},"end":{"line":12,"column":null}},"10":{"start":{"line":13,"column":0},"end":{"line":13,"column":null}}},"fnMap":{},"branchMap":{},"s":{"0":1,"1":1,"2":1,"3":1,"4":1,"5":1,"6":1,"7":1,"8":1,"9":1,"10":1},"f":{},"b":{}}
,"/Users/apple/Desktop/backend/src/start/dataSource.ts": {"path":"/Users/apple/Desktop/backend/src/start/dataSource.ts","statementMap":{"0":{"start":{"line":1,"column":0},"end":{"line":1,"column":30}},"1":{"start":{"line":2,"column":0},"end":{"line":2,"column":36}},"2":{"start":{"line":3,"column":0},"end":{"line":3,"column":41}},"3":{"start":{"line":4,"column":0},"end":{"line":4,"column":38}},"4":{"start":{"line":6,"column":19},"end":{"line":15,"column":2}},"5":{"start":{"line":17,"column":0},"end":{"line":17,"column":null}},"6":{"start":{"line":19,"column":0},"end":{"line":19,"column":null}}},"fnMap":{},"branchMap":{},"s":{"0":3,"1":3,"2":3,"3":3,"4":3,"5":3,"6":3},"f":{},"b":{}}
,"/Users/apple/Desktop/backend/src/start/envConfig.ts": {"path":"/Users/apple/Desktop/backend/src/start/envConfig.ts","statementMap":{"0":{"start":{"line":1,"column":0},"end":{"line":1,"column":31}},"1":{"start":{"line":3,"column":18},"end":{"line":6,"column":1}},"2":{"start":{"line":4,"column":21},"end":{"line":4,"column":49}},"3":{"start":{"line":5,"column":4},"end":{"line":5,"column":null}},"4":{"start":{"line":8,"column":0},"end":{"line":8,"column":null}}},"fnMap":{"0":{"name":"(anonymous_0)","decl":{"start":{"line":3,"column":18},"end":{"line":3,"column":21}},"loc":{"start":{"line":3,"column":23},"end":{"line":6,"column":1}}}},"branchMap":{"0":{"loc":{"start":{"line":4,"column":21},"end":{"line":4,"column":49}},"type":"cond-expr","locations":[{"start":{"line":4,"column":41},"end":{"line":4,"column":43}},{"start":{"line":4,"column":41},"end":{"line":4,"column":49}}]},"1":{"loc":{"start":{"line":4,"column":21},"end":{"line":4,"column":43}},"type":"binary-expr","locations":[{"start":{"line":4,"column":21},"end":{"line":4,"column":43}},{"start":{"line":4,"column":41},"end":{"line":4,"column":43}}]}},"s":{"0":2,"1":2,"2":2,"3":2,"4":2},"f":{"0":2},"b":{"0":[0,2],"1":[2,2]}}
,"/Users/apple/Desktop/backend/src/start/getRoutes.ts": {"path":"/Users/apple/Desktop/backend/src/start/getRoutes.ts","statementMap":{"0":{"start":{"line":1,"column":0},"end":{"line":1,"column":39}},"1":{"start":{"line":2,"column":0},"end":{"line":2,"column":23}},"2":{"start":{"line":3,"column":0},"end":{"line":3,"column":44}},"3":{"start":{"line":4,"column":0},"end":{"line":4,"column":44}},"4":{"start":{"line":5,"column":0},"end":{"line":5,"column":46}},"5":{"start":{"line":7,"column":18},"end":{"line":12,"column":1}},"6":{"start":{"line":8,"column":4},"end":{"line":8,"column":null}},"7":{"start":{"line":9,"column":4},"end":{"line":9,"column":null}},"8":{"start":{"line":10,"column":4},"end":{"line":10,"column":null}},"9":{"start":{"line":11,"column":4},"end":{"line":11,"column":null}},"10":{"start":{"line":14,"column":0},"end":{"line":14,"column":null}}},"fnMap":{"0":{"name":"(anonymous_1)","decl":{"start":{"line":7,"column":18},"end":{"line":7,"column":19}},"loc":{"start":{"line":7,"column":35},"end":{"line":12,"column":1}}}},"branchMap":{},"s":{"0":1,"1":1,"2":1,"3":1,"4":1,"5":1,"6":1,"7":1,"8":1,"9":1,"10":1},"f":{"0":1},"b":{}}
,"/Users/apple/Desktop/backend/src/user/user.controller.ts": {"path":"/Users/apple/Desktop/backend/src/user/user.controller.ts","statementMap":{"0":{"start":{"line":1,"column":0},"end":{"line":1,"column":33}},"1":{"start":{"line":2,"column":0},"end":{"line":2,"column":41}},"2":{"start":{"line":3,"column":0},"end":{"line":3,"column":41}},"3":{"start":{"line":5,"column":0},"end":{"line":30,"column":null}},"4":{"start":{"line":8,"column":25},"end":{"line":8,"column":38}},"5":{"start":{"line":11,"column":4},"end":{"line":14,"column":null}},"6":{"start":{"line":11,"column":42},"end":{"line":14,"column":6}},"7":{"start":{"line":12,"column":22},"end":{"line":12,"column":60}},"8":{"start":{"line":13,"column":8},"end":{"line":13,"column":null}},"9":{"start":{"line":16,"column":4},"end":{"line":19,"column":null}},"10":{"start":{"line":16,"column":43},"end":{"line":19,"column":6}},"11":{"start":{"line":17,"column":22},"end":{"line":17,"column":61}},"12":{"start":{"line":18,"column":8},"end":{"line":18,"column":null}},"13":{"start":{"line":21,"column":4},"end":{"line":24,"column":null}},"14":{"start":{"line":21,"column":44},"end":{"line":24,"column":6}},"15":{"start":{"line":22,"column":21},"end":{"line":22,"column":77}},"16":{"start":{"line":23,"column":8},"end":{"line":23,"column":null}},"17":{"start":{"line":26,"column":4},"end":{"line":29,"column":null}},"18":{"start":{"line":26,"column":47},"end":{"line":29,"column":6}},"19":{"start":{"line":27,"column":28},"end":{"line":27,"column":93}},"20":{"start":{"line":28,"column":8},"end":{"line":28,"column":null}},"21":{"start":{"line":6,"column":6},"end":{"line":30,"column":null}},"22":{"start":{"line":32,"column":0},"end":{"line":32,"column":null}}},"fnMap":{"0":{"name":"(anonymous_10)","decl":{"start":{"line":7,"column":4},"end":{"line":7,"column":null}},"loc":{"start":{"line":8,"column":49},"end":{"line":9,"column":8}}},"1":{"name":"(anonymous_11)","decl":{"start":{"line":11,"column":24},"end":{"line":11,"column":30}},"loc":{"start":{"line":11,"column":42},"end":{"line":14,"column":6}}},"2":{"name":"(anonymous_12)","decl":{"start":{"line":11,"column":42},"end":{"line":11,"column":null}},"loc":{"start":{"line":11,"column":42},"end":{"line":14,"column":5}}},"3":{"name":"(anonymous_13)","decl":{"start":{"line":16,"column":25},"end":{"line":16,"column":31}},"loc":{"start":{"line":16,"column":43},"end":{"line":19,"column":6}}},"4":{"name":"(anonymous_14)","decl":{"start":{"line":16,"column":43},"end":{"line":16,"column":null}},"loc":{"start":{"line":16,"column":43},"end":{"line":19,"column":5}}},"5":{"name":"(anonymous_15)","decl":{"start":{"line":21,"column":26},"end":{"line":21,"column":32}},"loc":{"start":{"line":21,"column":44},"end":{"line":24,"column":6}}},"6":{"name":"(anonymous_16)","decl":{"start":{"line":21,"column":44},"end":{"line":21,"column":null}},"loc":{"start":{"line":21,"column":44},"end":{"line":24,"column":5}}},"7":{"name":"(anonymous_17)","decl":{"start":{"line":26,"column":29},"end":{"line":26,"column":35}},"loc":{"start":{"line":26,"column":47},"end":{"line":29,"column":6}}},"8":{"name":"(anonymous_18)","decl":{"start":{"line":26,"column":47},"end":{"line":26,"column":null}},"loc":{"start":{"line":26,"column":47},"end":{"line":29,"column":5}}}},"branchMap":{},"s":{"0":1,"1":1,"2":1,"3":1,"4":1,"5":1,"6":0,"7":0,"8":0,"9":1,"10":0,"11":0,"12":0,"13":1,"14":0,"15":0,"16":0,"17":1,"18":0,"19":0,"20":0,"21":1,"22":1},"f":{"0":1,"1":0,"2":0,"3":0,"4":0,"5":0,"6":0,"7":0,"8":0},"b":{}}
,"/Users/apple/Desktop/backend/src/user/user.entity.ts": {"path":"/Users/apple/Desktop/backend/src/user/user.entity.ts","statementMap":{"0":{"start":{"line":1,"column":0},"end":{"line":1,"column":101}},"1":{"start":{"line":2,"column":0},"end":{"line":2,"column":30}},"2":{"start":{"line":5,"column":0},"end":{"line":26,"column":null}},"3":{"start":{"line":7,"column":4},"end":{"line":7,"column":null}},"4":{"start":{"line":10,"column":4},"end":{"line":10,"column":null}},"5":{"start":{"line":13,"column":4},"end":{"line":13,"column":null}},"6":{"start":{"line":16,"column":4},"end":{"line":16,"column":null}},"7":{"start":{"line":19,"column":4},"end":{"line":19,"column":null}},"8":{"start":{"line":22,"column":4},"end":{"line":22,"column":null}},"9":{"start":{"line":25,"column":4},"end":{"line":25,"column":null}},"10":{"start":{"line":5,"column":6},"end":{"line":26,"column":null}},"11":{"start":{"line":28,"column":17},"end":{"line":30,"column":1}},"12":{"start":{"line":29,"column":4},"end":{"line":29,"column":null}},"13":{"start":{"line":33,"column":9},"end":{"line":33,"column":17}},"14":{"start":{"line":32,"column":0},"end":{"line":32,"column":null}}},"fnMap":{"0":{"name":"(anonymous_3)","decl":{"start":{"line":28,"column":17},"end":{"line":28,"column":18}},"loc":{"start":{"line":28,"column":32},"end":{"line":30,"column":1}}}},"branchMap":{},"s":{"0":4,"1":4,"2":4,"3":4,"4":4,"5":4,"6":4,"7":4,"8":4,"9":4,"10":4,"11":4,"12":2,"13":4,"14":4},"f":{"0":2},"b":{}}
,"/Users/apple/Desktop/backend/src/user/user.repository.ts": {"path":"/Users/apple/Desktop/backend/src/user/user.repository.ts","statementMap":{"0":{"start":{"line":1,"column":0},"end":{"line":1,"column":44}},"1":{"start":{"line":2,"column":0},"end":{"line":2,"column":36}},"2":{"start":{"line":3,"column":0},"end":{"line":3,"column":45}},"3":{"start":{"line":4,"column":0},"end":{"line":4,"column":33}},"4":{"start":{"line":6,"column":17},"end":{"line":6,"column":47}},"5":{"start":{"line":7,"column":0},"end":{"line":7,"column":null}},"6":{"start":{"line":9,"column":0},"end":{"line":14,"column":null}},"7":{"start":{"line":12,"column":8},"end":{"line":12,"column":null}},"8":{"start":{"line":11,"column":24},"end":{"line":11,"column":36}},"9":{"start":{"line":10,"column":6},"end":{"line":14,"column":null}},"10":{"start":{"line":16,"column":0},"end":{"line":16,"column":null}}},"fnMap":{"0":{"name":"(anonymous_9)","decl":{"start":{"line":11,"column":4},"end":{"line":11,"column":24}},"loc":{"start":{"line":11,"column":52},"end":{"line":13,"column":5}}}},"branchMap":{},"s":{"0":2,"1":2,"2":2,"3":2,"4":2,"5":2,"6":2,"7":1,"8":1,"9":2,"10":2},"f":{"0":1},"b":{}}
,"/Users/apple/Desktop/backend/src/user/user.service.ts": {"path":"/Users/apple/Desktop/backend/src/user/user.service.ts","statementMap":{"0":{"start":{"line":2,"column":0},"end":{"line":2,"column":33}},"1":{"start":{"line":3,"column":0},"end":{"line":3,"column":80}},"2":{"start":{"line":4,"column":0},"end":{"line":4,"column":47}},"3":{"start":{"line":5,"column":0},"end":{"line":5,"column":27}},"4":{"start":{"line":6,"column":0},"end":{"line":6,"column":41}},"5":{"start":{"line":7,"column":0},"end":{"line":7,"column":68}},"6":{"start":{"line":8,"column":0},"end":{"line":8,"column":64}},"7":{"start":{"line":10,"column":0},"end":{"line":51,"column":null}},"8":{"start":{"line":13,"column":25},"end":{"line":13,"column":35}},"9":{"start":{"line":17,"column":36},"end":{"line":17,"column":68}},"10":{"start":{"line":18,"column":21},"end":{"line":18,"column":61}},"11":{"start":{"line":19,"column":8},"end":{"line":19,"column":null}},"12":{"start":{"line":19,"column":18},"end":{"line":19,"column":null}},"13":{"start":{"line":20,"column":30},"end":{"line":20,"column":75}},"14":{"start":{"line":21,"column":8},"end":{"line":21,"column":null}},"15":{"start":{"line":21,"column":27},"end":{"line":21,"column":null}},"16":{"start":{"line":22,"column":22},"end":{"line":22,"column":36}},"17":{"start":{"line":23,"column":8},"end":{"line":23,"column":null}},"18":{"start":{"line":27,"column":26},"end":{"line":27,"column":59}},"19":{"start":{"line":28,"column":23},"end":{"line":28,"column":80}},"20":{"start":{"line":29,"column":8},"end":{"line":29,"column":null}},"21":{"start":{"line":29,"column":19},"end":{"line":29,"column":null}},"22":{"start":{"line":30,"column":21},"end":{"line":30,"column":52}},"23":{"start":{"line":31,"column":21},"end":{"line":31,"column":45}},"24":{"start":{"line":32,"column":27},"end":{"line":32,"column":65}},"25":{"start":{"line":33,"column":8},"end":{"line":33,"column":null}},"26":{"start":{"line":34,"column":8},"end":{"line":34,"column":null}},"27":{"start":{"line":35,"column":22},"end":{"line":35,"column":36}},"28":{"start":{"line":36,"column":8},"end":{"line":36,"column":null}},"29":{"start":{"line":40,"column":21},"end":{"line":40,"column":58}},"30":{"start":{"line":41,"column":8},"end":{"line":41,"column":null}},"31":{"start":{"line":41,"column":18},"end":{"line":41,"column":null}},"32":{"start":{"line":42,"column":8},"end":{"line":42,"column":null}},"33":{"start":{"line":46,"column":40},"end":{"line":46,"column":77}},"34":{"start":{"line":47,"column":29},"end":{"line":47,"column":88}},"35":{"start":{"line":48,"column":8},"end":{"line":48,"column":null}},"36":{"start":{"line":48,"column":22},"end":{"line":48,"column":null}},"37":{"start":{"line":49,"column":8},"end":{"line":49,"column":null}},"38":{"start":{"line":11,"column":6},"end":{"line":51,"column":null}},"39":{"start":{"line":53,"column":0},"end":{"line":53,"column":null}}},"fnMap":{"0":{"name":"(anonymous_10)","decl":{"start":{"line":12,"column":4},"end":{"line":12,"column":null}},"loc":{"start":{"line":13,"column":49},"end":{"line":14,"column":8}}},"1":{"name":"(anonymous_11)","decl":{"start":{"line":16,"column":10},"end":{"line":16,"column":15}},"loc":{"start":{"line":16,"column":29},"end":{"line":24,"column":null}}},"2":{"name":"(anonymous_13)","decl":{"start":{"line":26,"column":10},"end":{"line":26,"column":16}},"loc":{"start":{"line":26,"column":30},"end":{"line":37,"column":null}}},"3":{"name":"(anonymous_15)","decl":{"start":{"line":39,"column":10},"end":{"line":39,"column":21}},"loc":{"start":{"line":39,"column":32},"end":{"line":43,"column":null}}},"4":{"name":"(anonymous_17)","decl":{"start":{"line":45,"column":10},"end":{"line":45,"column":20}},"loc":{"start":{"line":45,"column":46},"end":{"line":50,"column":null}}}},"branchMap":{"0":{"loc":{"start":{"line":19,"column":8},"end":{"line":19,"column":null}},"type":"if","locations":[{"start":{"line":19,"column":8},"end":{"line":19,"column":null}}]},"1":{"loc":{"start":{"line":21,"column":8},"end":{"line":21,"column":null}},"type":"if","locations":[{"start":{"line":21,"column":8},"end":{"line":21,"column":null}}]},"2":{"loc":{"start":{"line":29,"column":8},"end":{"line":29,"column":null}},"type":"if","locations":[{"start":{"line":29,"column":8},"end":{"line":29,"column":null}}]},"3":{"loc":{"start":{"line":41,"column":8},"end":{"line":41,"column":null}},"type":"if","locations":[{"start":{"line":41,"column":8},"end":{"line":41,"column":null}}]},"4":{"loc":{"start":{"line":48,"column":8},"end":{"line":48,"column":null}},"type":"if","locations":[{"start":{"line":48,"column":8},"end":{"line":48,"column":null}}]}},"s":{"0":2,"1":2,"2":2,"3":2,"4":2,"5":2,"6":2,"7":2,"8":13,"9":4,"10":3,"11":3,"12":1,"13":2,"14":2,"15":1,"16":1,"17":1,"18":3,"19":2,"20":2,"21":1,"22":1,"23":1,"24":1,"25":1,"26":1,"27":1,"28":1,"29":2,"30":2,"31":1,"32":1,"33":3,"34":2,"35":2,"36":1,"37":1,"38":2,"39":2},"f":{"0":13,"1":4,"2":3,"3":2,"4":3},"b":{"0":[1],"1":[1],"2":[1],"3":[1],"4":[1]}}
,"/Users/apple/Desktop/backend/src/user/schemas/schemas.ts": {"path":"/Users/apple/Desktop/backend/src/user/schemas/schemas.ts","statementMap":{"0":{"start":{"line":1,"column":0},"end":{"line":1,"column":26}},"1":{"start":{"line":3,"column":20},"end":{"line":6,"column":2}},"2":{"start":{"line":21,"column":4},"end":{"line":21,"column":15}},"3":{"start":{"line":8,"column":21},"end":{"line":13,"column":2}},"4":{"start":{"line":22,"column":4},"end":{"line":22,"column":16}},"5":{"start":{"line":15,"column":25},"end":{"line":18,"column":2}},"6":{"start":{"line":23,"column":4},"end":{"line":23,"column":20}}},"fnMap":{},"branchMap":{},"s":{"0":2,"1":2,"2":2,"3":2,"4":2,"5":2,"6":2},"f":{},"b":{}}
}
