TN:
SF:src/app.ts
FN:10,(anonymous_1)
FN:11,(anonymous_2)
FNF:2
FNH:0
FNDA:0,(anonymous_1)
FNDA:0,(anonymous_2)
DA:1,1
DA:4,1
DA:5,1
DA:8,1
DA:9,1
DA:10,0
DA:11,0
DA:13,1
DA:15,1
DA:16,1
DA:18,1
LF:11
LH:9
BRF:0
BRH:0
end_of_record
TN:
SF:src/handleError.ts
FN:3,(anonymous_7)
FN:3,(anonymous_8)
FN:3,(anonymous_9)
FNF:3
FNH:3
FNDA:12,(anonymous_7)
FNDA:3,(anonymous_8)
FNDA:3,(anonymous_9)
DA:3,12
DA:4,3
DA:5,3
DA:7,2
DA:8,1
DA:9,1
DA:10,0
DA:12,1
DA:13,1
DA:17,2
LF:10
LH:9
BRDA:7,0,0,1
BRF:1
BRH:1
end_of_record
TN:
SF:src/constants/noteStatus.ts
FN:1,(anonymous_0)
FNF:1
FNH:1
FNDA:4,(anonymous_0)
DA:1,4
DA:2,4
DA:3,4
LF:3
LH:3
BRDA:1,0,0,4
BRDA:1,0,1,4
BRF:2
BRH:2
end_of_record
TN:
SF:src/constants/routes.ts
FN:1,(anonymous_0)
FNF:1
FNH:1
FNDA:1,(anonymous_0)
DA:1,1
DA:2,1
DA:3,1
LF:3
LH:3
BRDA:1,0,0,1
BRDA:1,0,1,1
BRF:2
BRH:2
end_of_record
TN:
SF:src/exceptions/BadRequestException.ts
FN:3,(anonymous_0)
FNF:1
FNH:1
FNDA:6,(anonymous_0)
DA:4,6
DA:8,3
LF:2
LH:2
BRF:0
BRH:0
end_of_record
TN:
SF:src/exceptions/NotFoundException.ts
FN:3,(anonymous_0)
FNF:1
FNH:1
FNDA:1,(anonymous_0)
DA:4,1
DA:8,2
LF:2
LH:2
BRF:0
BRH:0
end_of_record
TN:
SF:src/middlewares/auth.ts
FN:4,(anonymous_1)
FNF:1
FNH:0
FNDA:0,(anonymous_1)
DA:2,1
DA:4,1
DA:5,0
DA:6,0
DA:7,0
DA:8,0
DA:9,0
DA:10,0
DA:12,0
DA:16,1
LF:10
LH:3
BRDA:6,0,0,0
BRF:1
BRH:0
end_of_record
TN:
SF:src/notes/notes.controller.ts
FN:7,(anonymous_10)
FN:11,(anonymous_11)
FN:11,(anonymous_12)
FN:16,(anonymous_13)
FN:16,(anonymous_14)
FN:21,(anonymous_15)
FN:21,(anonymous_16)
FN:26,(anonymous_17)
FN:26,(anonymous_18)
FN:31,(anonymous_19)
FN:31,(anonymous_20)
FNF:11
FNH:1
FNDA:1,(anonymous_10)
FNDA:0,(anonymous_11)
FNDA:0,(anonymous_12)
FNDA:0,(anonymous_13)
FNDA:0,(anonymous_14)
FNDA:0,(anonymous_15)
FNDA:0,(anonymous_16)
FNDA:0,(anonymous_17)
FNDA:0,(anonymous_18)
FNDA:0,(anonymous_19)
FNDA:0,(anonymous_20)
DA:1,1
DA:2,1
DA:3,1
DA:5,1
DA:6,1
DA:8,1
DA:11,1
DA:12,0
DA:13,0
DA:16,1
DA:17,0
DA:18,0
DA:21,1
DA:22,0
DA:23,0
DA:26,1
DA:27,0
DA:28,0
DA:31,1
DA:32,0
DA:33,0
DA:37,1
LF:22
LH:12
BRF:0
BRH:0
end_of_record
TN:
SF:src/notes/notes.entity.ts
FN:25,(anonymous_3)
FNF:1
FNH:0
FNDA:0,(anonymous_3)
DA:1,3
DA:2,3
DA:3,3
DA:6,3
DA:8,3
DA:11,3
DA:14,3
DA:17,3
DA:20,3
DA:23,3
DA:25,0
DA:27,3
DA:30,3
LF:13
LH:12
BRF:0
BRH:0
end_of_record
TN:
SF:src/notes/notes.repository.ts
FN:11,(anonymous_3)
FNF:1
FNH:1
FNDA:1,(anonymous_3)
DA:1,2
DA:2,2
DA:3,2
DA:4,2
DA:6,2
DA:7,2
DA:9,2
DA:10,2
DA:11,1
DA:12,1
DA:16,2
LF:11
LH:11
BRF:0
BRH:0
end_of_record
TN:
SF:src/notes/notes.service.ts
FN:8,(anonymous_10)
FN:12,(anonymous_11)
FN:16,(anonymous_13)
FN:23,(anonymous_15)
FN:30,(anonymous_17)
FN:36,(anonymous_19)
FNF:6
FNH:6
FNDA:11,(anonymous_10)
FNDA:1,(anonymous_11)
FNDA:2,(anonymous_13)
FNDA:3,(anonymous_15)
FNDA:2,(anonymous_17)
FNDA:2,(anonymous_19)
DA:1,2
DA:2,2
DA:3,2
DA:4,2
DA:6,2
DA:7,2
DA:9,11
DA:13,1
DA:17,2
DA:18,1
DA:19,1
DA:20,1
DA:24,3
DA:25,2
DA:26,2
DA:27,1
DA:31,2
DA:32,2
DA:33,1
DA:37,2
DA:38,1
DA:39,1
DA:40,1
DA:41,1
DA:42,1
DA:43,1
DA:44,1
DA:45,1
DA:46,1
DA:47,1
DA:51,2
LF:31
LH:31
BRDA:26,0,0,1
BRDA:32,1,0,1
BRDA:40,2,0,0
BRDA:41,3,0,0
BRDA:42,4,0,0
BRDA:43,5,0,0
BRDA:44,6,0,1
BRDA:45,7,0,0
BRF:8
BRH:3
end_of_record
TN:
SF:src/notes/schemas/schemas.ts
FNF:0
FNH:0
DA:1,2
DA:3,2
DA:8,2
DA:15,2
DA:25,2
DA:26,2
DA:27,2
LF:7
LH:7
BRF:0
BRH:0
end_of_record
TN:
SF:src/routers/notes.ts
FNF:0
FNH:0
DA:1,1
DA:2,1
DA:3,1
DA:4,1
DA:6,1
DA:8,1
DA:9,1
DA:11,1
DA:12,1
DA:13,1
DA:14,1
DA:15,1
DA:17,1
LF:13
LH:13
BRF:0
BRH:0
end_of_record
TN:
SF:src/routers/user.ts
FNF:0
FNH:0
DA:1,1
DA:2,1
DA:3,1
DA:4,1
DA:6,1
DA:8,1
DA:10,1
DA:11,1
DA:12,1
DA:13,1
DA:15,1
LF:11
LH:11
BRF:0
BRH:0
end_of_record
TN:
SF:src/start/dataSource.ts
FNF:0
FNH:0
DA:1,3
DA:2,3
DA:3,3
DA:4,3
DA:6,3
DA:17,3
DA:19,3
LF:7
LH:7
BRF:0
BRH:0
end_of_record
TN:
SF:src/start/envConfig.ts
FN:3,(anonymous_0)
FNF:1
FNH:1
FNDA:2,(anonymous_0)
DA:1,2
DA:3,2
DA:4,2
DA:5,2
DA:8,2
LF:5
LH:5
BRDA:4,0,0,0
BRDA:4,0,1,2
BRDA:4,1,0,2
BRDA:4,1,1,2
BRF:4
BRH:3
end_of_record
TN:
SF:src/start/getRoutes.ts
FN:7,(anonymous_1)
FNF:1
FNH:1
FNDA:1,(anonymous_1)
DA:1,1
DA:2,1
DA:3,1
DA:4,1
DA:5,1
DA:7,1
DA:8,1
DA:9,1
DA:10,1
DA:11,1
DA:14,1
LF:11
LH:11
BRF:0
BRH:0
end_of_record
TN:
SF:src/user/user.controller.ts
FN:7,(anonymous_10)
FN:11,(anonymous_11)
FN:11,(anonymous_12)
FN:16,(anonymous_13)
FN:16,(anonymous_14)
FN:21,(anonymous_15)
FN:21,(anonymous_16)
FN:26,(anonymous_17)
FN:26,(anonymous_18)
FNF:9
FNH:1
FNDA:1,(anonymous_10)
FNDA:0,(anonymous_11)
FNDA:0,(anonymous_12)
FNDA:0,(anonymous_13)
FNDA:0,(anonymous_14)
FNDA:0,(anonymous_15)
FNDA:0,(anonymous_16)
FNDA:0,(anonymous_17)
FNDA:0,(anonymous_18)
DA:1,1
DA:2,1
DA:3,1
DA:5,1
DA:6,1
DA:8,1
DA:11,1
DA:12,0
DA:13,0
DA:16,1
DA:17,0
DA:18,0
DA:21,1
DA:22,0
DA:23,0
DA:26,1
DA:27,0
DA:28,0
DA:32,1
LF:19
LH:11
BRF:0
BRH:0
end_of_record
TN:
SF:src/user/user.entity.ts
FN:28,(anonymous_3)
FNF:1
FNH:1
FNDA:2,(anonymous_3)
DA:1,4
DA:2,4
DA:5,4
DA:7,4
DA:10,4
DA:13,4
DA:16,4
DA:19,4
DA:22,4
DA:25,4
DA:28,4
DA:29,2
DA:32,4
DA:33,4
LF:14
LH:14
BRF:0
BRH:0
end_of_record
TN:
SF:src/user/user.repository.ts
FN:11,(anonymous_9)
FNF:1
FNH:1
FNDA:1,(anonymous_9)
DA:1,2
DA:2,2
DA:3,2
DA:4,2
DA:6,2
DA:7,2
DA:9,2
DA:10,2
DA:11,1
DA:12,1
DA:16,2
LF:11
LH:11
BRF:0
BRH:0
end_of_record
TN:
SF:src/user/user.service.ts
FN:12,(anonymous_10)
FN:16,(anonymous_11)
FN:26,(anonymous_13)
FN:39,(anonymous_15)
FN:45,(anonymous_17)
FNF:5
FNH:5
FNDA:13,(anonymous_10)
FNDA:4,(anonymous_11)
FNDA:3,(anonymous_13)
FNDA:2,(anonymous_15)
FNDA:3,(anonymous_17)
DA:2,2
DA:3,2
DA:4,2
DA:5,2
DA:6,2
DA:7,2
DA:8,2
DA:10,2
DA:11,2
DA:13,13
DA:17,4
DA:18,3
DA:19,3
DA:20,2
DA:21,2
DA:22,1
DA:23,1
DA:27,3
DA:28,2
DA:29,2
DA:30,1
DA:31,1
DA:32,1
DA:33,1
DA:34,1
DA:35,1
DA:36,1
DA:40,2
DA:41,2
DA:42,1
DA:46,3
DA:47,2
DA:48,2
DA:49,1
DA:53,2
LF:35
LH:35
BRDA:19,0,0,1
BRDA:21,1,0,1
BRDA:29,2,0,1
BRDA:41,3,0,1
BRDA:48,4,0,1
BRF:5
BRH:5
end_of_record
TN:
SF:src/user/schemas/schemas.ts
FNF:0
FNH:0
DA:1,2
DA:3,2
DA:8,2
DA:15,2
DA:21,2
DA:22,2
DA:23,2
LF:7
LH:7
BRF:0
BRH:0
end_of_record
